<?xml version="1.0" encoding="UTF-8"?>
<testsuite xmlns:xsi="http://www.w3.org/2001/XMLSchema-instance" xsi:noNamespaceSchemaLocation="https://maven.apache.org/surefire/maven-surefire-plugin/xsd/surefire-test-report.xsd" version="3.0.2" name="com.example.demo.CircuitBreakerDemoApplicationTests" time="8.32" tests="1" errors="0" skipped="0" failures="0">
  <properties>
[...]
</properties>
  <testcase name="contextLoads" classname="com.example.demo.CircuitBreakerDemoApplicationTests" time="1.211">
    <system-out><![CDATA[15:35:02.079 [main] INFO org.springframework.test.context.support.AnnotationConfigContextLoaderUtils -- Could not detect default configuration classes for test class [com.example.demo.CircuitBreakerDemoApplicationTests]: CircuitBreakerDemoApplicationTests does not declare any static, non-private, non-final, nested classes annotated with @Configuration.
15:35:02.302 [main] INFO org.springframework.boot.test.context.SpringBootTestContextBootstrapper -- Found @SpringBootConfiguration com.example.demo.CircuitBreakerDemoApplication for test class com.example.demo.CircuitBreakerDemoApplicationTests

  .   ____          _            __ _ _
 /\\ / ___'_ __ _ _(_)_ __  __ _ \ \ \ \
( ( )\___ | '_ | '_| | '_ \/ _` | \ \ \ \
 \\/  ___)| |_)| | | | | || (_| |  ) ) ) )
  '  |____| .__|_| |_|_| |_\__, | / / / /
 =========|_|==============|___/=/_/_/_/

 :: Spring Boot ::                (v3.4.3)

2025-02-26T15:35:03.238+05:30  INFO 4936 --- [circuit-breaker-demo] [           main] c.e.d.CircuitBreakerDemoApplicationTests : Starting CircuitBreakerDemoApplicationTests using Java 23.0.2 with PID 4936 (started by hp in C:\Users\hp\eclipse-workspace\circuit-breaker-demo)
2025-02-26T15:35:03.241+05:30  INFO 4936 --- [circuit-breaker-demo] [           main] c.e.d.CircuitBreakerDemoApplicationTests : No active profile set, falling back to 1 default profile: "default"
2025-02-26T15:35:04.193+05:30 DEBUG 4936 --- [circuit-breaker-demo] [           main] i.g.r.s.u.RxJava2OnClasspathCondition    : RxJava2 related Aspect extensions are not activated, because RxJava2 is not on the classpath.
2025-02-26T15:35:04.195+05:30 DEBUG 4936 --- [circuit-breaker-demo] [           main] i.g.r.s.u.ReactorOnClasspathCondition    : Reactor related Aspect extensions are not activated because Reactor is not on the classpath.
2025-02-26T15:35:04.212+05:30 DEBUG 4936 --- [circuit-breaker-demo] [           main] i.g.r.s.u.RxJava2OnClasspathCondition    : RxJava2 related Aspect extensions are not activated, because RxJava2 is not on the classpath.
2025-02-26T15:35:04.213+05:30 DEBUG 4936 --- [circuit-breaker-demo] [           main] i.g.r.s.u.ReactorOnClasspathCondition    : Reactor related Aspect extensions are not activated because Reactor is not on the classpath.
2025-02-26T15:35:04.269+05:30 DEBUG 4936 --- [circuit-breaker-demo] [           main] i.g.r.s.u.RxJava2OnClasspathCondition    : RxJava2 related Aspect extensions are not activated, because RxJava2 is not on the classpath.
2025-02-26T15:35:04.270+05:30 DEBUG 4936 --- [circuit-breaker-demo] [           main] i.g.r.s.u.ReactorOnClasspathCondition    : Reactor related Aspect extensions are not activated because Reactor is not on the classpath.
2025-02-26T15:35:04.303+05:30 DEBUG 4936 --- [circuit-breaker-demo] [           main] i.g.r.s.u.RxJava2OnClasspathCondition    : RxJava2 related Aspect extensions are not activated, because RxJava2 is not on the classpath.
2025-02-26T15:35:04.305+05:30 DEBUG 4936 --- [circuit-breaker-demo] [           main] i.g.r.s.u.ReactorOnClasspathCondition    : Reactor related Aspect extensions are not activated because Reactor is not on the classpath.
2025-02-26T15:35:04.333+05:30 DEBUG 4936 --- [circuit-breaker-demo] [           main] i.g.r.s.u.RxJava2OnClasspathCondition    : RxJava2 related Aspect extensions are not activated, because RxJava2 is not on the classpath.
2025-02-26T15:35:04.334+05:30 DEBUG 4936 --- [circuit-breaker-demo] [           main] i.g.r.s.u.ReactorOnClasspathCondition    : Reactor related Aspect extensions are not activated because Reactor is not on the classpath.
2025-02-26T15:35:04.359+05:30 DEBUG 4936 --- [circuit-breaker-demo] [           main] i.g.r.s.u.RxJava2OnClasspathCondition    : RxJava2 related Aspect extensions are not activated, because RxJava2 is not on the classpath.
2025-02-26T15:35:04.360+05:30 DEBUG 4936 --- [circuit-breaker-demo] [           main] i.g.r.s.u.ReactorOnClasspathCondition    : Reactor related Aspect extensions are not activated because Reactor is not on the classpath.
2025-02-26T15:35:04.929+05:30  INFO 4936 --- [circuit-breaker-demo] [           main] o.s.cloud.context.scope.GenericScope     : BeanFactory id=5f78387f-868c-34cd-9dd5-58061a0782de
2025-02-26T15:35:08.610+05:30  INFO 4936 --- [circuit-breaker-demo] [           main] o.s.b.a.e.web.EndpointLinksResolver      : Exposing 1 endpoint beneath base path '/actuator'
2025-02-26T15:35:08.713+05:30  INFO 4936 --- [circuit-breaker-demo] [           main] c.e.d.CircuitBreakerDemoApplicationTests : Started CircuitBreakerDemoApplicationTests in 5.836 seconds (process running for 7.812)
]]></system-out>
    <system-err><![CDATA[Mockito is currently self-attaching to enable the inline-mock-maker. This will no longer work in future releases of the JDK. Please add Mockito as an agent to your build what is described in Mockito's documentation: https://javadoc.io/doc/org.mockito/mockito-core/latest/org/mockito/Mockito.html#0.3
WARNING: A Java agent has been loaded dynamically (C:\Users\hp\.m2\repository\net\bytebuddy\byte-buddy-agent\1.15.11\byte-buddy-agent-1.15.11.jar)
WARNING: If a serviceability tool is in use, please run with -XX:+EnableDynamicAgentLoading to hide this warning
WARNING: If a serviceability tool is not in use, please run with -Djdk.instrument.traceUsage for more information
WARNING: Dynamic loading of agents will be disallowed by default in a future release
]]></system-err>
  </testcase>
</testsuite>